f:\project_otherprogram\practice_c++\practice_1\practice_1\x64\debug\practice_1.pch
f:\project_otherprogram\practice_c++\practice_1\practice_1\x64\debug\vc141.pdb
f:\project_otherprogram\practice_c++\practice_1\practice_1\x64\debug\vc141.idb
f:\project_otherprogram\practice_c++\practice_1\practice_1\x64\debug\pch.obj
f:\project_otherprogram\practice_c++\practice_1\practice_1\x64\debug\window_mgr.obj
f:\project_otherprogram\practice_c++\practice_1\practice_1\x64\debug\strblob.obj
f:\project_otherprogram\practice_c++\practice_1\practice_1\x64\debug\screen.obj
f:\project_otherprogram\practice_c++\practice_1\practice_1\x64\debug\sales_data.obj
f:\project_otherprogram\practice_c++\practice_1\practice_1\x64\debug\practice_main.obj
f:\project_otherprogram\practice_c++\practice_1\practice_1\x64\debug\person.obj
f:\project_otherprogram\practice_c++\practice_1\practice_1\x64\debug\example.obj
f:\project_otherprogram\practice_c++\practice_1\practice_1\x64\debug\debug.obj
f:\project_otherprogram\practice_c++\practice_1\practice_1\x64\debug\textquery.obj
f:\project_otherprogram\practice_c++\practice_1\practice_1\x64\debug\numbered.obj
f:\project_otherprogram\practice_c++\practice_1\practice_1\x64\debug\hasptr.obj
f:\project_otherprogram\practice_c++\practice_1\practice_1\x64\debug\employee.obj
f:\project_otherprogram\practice_c++\practice_1\x64\debug\practice_1.pdb
f:\project_otherprogram\practice_c++\practice_1\practice_1\x64\debug\practice_1.tlog\cl.command.1.tlog
f:\project_otherprogram\practice_c++\practice_1\practice_1\x64\debug\practice_1.tlog\cl.read.1.tlog
f:\project_otherprogram\practice_c++\practice_1\practice_1\x64\debug\practice_1.tlog\cl.write.1.tlog
f:\project_otherprogram\practice_c++\practice_1\practice_1\x64\debug\practice_1.tlog\link-cvtres.read.1.tlog
f:\project_otherprogram\practice_c++\practice_1\practice_1\x64\debug\practice_1.tlog\link-cvtres.write.1.tlog
f:\project_otherprogram\practice_c++\practice_1\practice_1\x64\debug\practice_1.tlog\link-rc.read.1.tlog
f:\project_otherprogram\practice_c++\practice_1\practice_1\x64\debug\practice_1.tlog\link-rc.write.1.tlog
f:\project_otherprogram\practice_c++\practice_1\practice_1\x64\debug\practice_1.tlog\link.22380-cvtres.read.1.tlog
f:\project_otherprogram\practice_c++\practice_1\practice_1\x64\debug\practice_1.tlog\link.22380-cvtres.write.1.tlog
f:\project_otherprogram\practice_c++\practice_1\practice_1\x64\debug\practice_1.tlog\link.22380-rc.read.1.tlog
f:\project_otherprogram\practice_c++\practice_1\practice_1\x64\debug\practice_1.tlog\link.22380-rc.write.1.tlog
f:\project_otherprogram\practice_c++\practice_1\practice_1\x64\debug\practice_1.tlog\link.22380.read.1.tlog
f:\project_otherprogram\practice_c++\practice_1\practice_1\x64\debug\practice_1.tlog\link.22380.write.1.tlog
f:\project_otherprogram\practice_c++\practice_1\practice_1\x64\debug\practice_1.tlog\link.command.1.tlog
f:\project_otherprogram\practice_c++\practice_1\practice_1\x64\debug\practice_1.tlog\link.read.1.tlog
f:\project_otherprogram\practice_c++\practice_1\practice_1\x64\debug\practice_1.tlog\link.write.1.tlog
